<?xml version="1.0" encoding="UTF-8"?>
<testsuite name="TestSuite" time="4.288" tests="7" errors="0" skipped="6" failures="1">
  <properties>
    <property name="java.runtime.name" value="Java(TM) SE Runtime Environment"/>
    <property name="sun.boot.library.path" value="C:\Program Files\Java\jdk1.7.0_45\jre\bin"/>
    <property name="java.vm.version" value="24.45-b08"/>
    <property name="java.vm.vendor" value="Oracle Corporation"/>
    <property name="java.vendor.url" value="http://java.oracle.com/"/>
    <property name="path.separator" value=";"/>
    <property name="guice.disable.misplaced.annotation.check" value="true"/>
    <property name="java.vm.name" value="Java HotSpot(TM) Client VM"/>
    <property name="file.encoding.pkg" value="sun.io"/>
    <property name="user.script" value=""/>
    <property name="user.country" value="IN"/>
    <property name="sun.java.launcher" value="SUN_STANDARD"/>
    <property name="sun.os.patch.level" value="Service Pack 2"/>
    <property name="java.vm.specification.name" value="Java Virtual Machine Specification"/>
    <property name="user.dir" value="C:\Users\prashanth_sams\workspacekepler\babu"/>
    <property name="java.runtime.version" value="1.7.0_45-b18"/>
    <property name="java.awt.graphicsenv" value="sun.awt.Win32GraphicsEnvironment"/>
    <property name="java.endorsed.dirs" value="C:\Program Files\Java\jdk1.7.0_45\jre\lib\endorsed"/>
    <property name="os.arch" value="x86"/>
    <property name="java.io.tmpdir" value="C:\Users\PRASHA~1\AppData\Local\Temp\"/>
    <property name="line.separator" value="&#10;"/>
    <property name="java.vm.specification.vendor" value="Oracle Corporation"/>
    <property name="user.variant" value=""/>
    <property name="os.name" value="Windows Vista"/>
    <property name="classworlds.conf" value="C:\Program Files\apache-maven-3.0.4\bin\m2.conf"/>
    <property name="sun.jnu.encoding" value="Cp1252"/>
    <property name="java.library.path" value="C:\Program Files\Java\jdk1.7.0_45\bin;C:\Windows\Sun\Java\bin;C:\Windows\system32;C:\Windows;C:\Python27\;C:\Python27\Scripts;C:\Windows\system32;C:\Windows;C:\Windows\System32\Wbem;C:\Program Files\Java\jdk1.7.0_45\bin;C:\Program Files\Common Files\Ulead Systems\MPEG;C:\Program Files\ATI Technologies\ATI.ACE\Core-Static;c:\MinGW\bin;C:\Program Files\IVI Foundation\VISA\WinNT\Bin;C:\Program Files\QuickTime\QTSystem\;C:\Windows\System32\WindowsPowerShell\v1.0\;C:\Program Files\SlikSvn\bin;C:\Program Files\TortoiseSVN\bin;C:\Program Files\GTK2-Runtime\bin;C:\Program Files\Apache Software Foundation\apache-ant-1.8.4\bin;C:\Program Files\Launch4j;c:\program files\installjammer;C:\Python32;c:\Program Files\Microsoft SQL Server\100\Tools\Binn\VSShell\Common7\IDE\;c:\Program Files\Microsoft SQL Server\100\Tools\Binn\;c:\Program Files\Microsoft SQL Server\100\DTS\Binn\;C:\Program Files\TortoiseGit\bin\;C:\MyEclipseWorkspace\dataDrivenTestProject\apache-ivy-2.3.0-rc1;C:\Program Files\apache-maven-3.0.4\bin;C:\Users\prashanth_sams\AppData\Local\Google\Chrome\Application;C:\Program Files\nodejs\;C:\Program Files\Android\android-sdk\platform-tools;C:\Jbehave\knovel\Sikuli-IDE\libs;C:\Program Files\MySQL\MySQL Utilities 1.3.4\;C:\Users\prashanth_sams\AppData\Roaming\npm;."/>
    <property name="java.specification.name" value="Java Platform API Specification"/>
    <property name="java.class.version" value="51.0"/>
    <property name="sun.management.compiler" value="HotSpot Client Compiler"/>
    <property name="os.version" value="6.0"/>
    <property name="user.home" value="C:\Users\prashanth_sams"/>
    <property name="user.timezone" value="Asia/Calcutta"/>
    <property name="java.awt.printerjob" value="sun.awt.windows.WPrinterJob"/>
    <property name="java.specification.version" value="1.7"/>
    <property name="file.encoding" value="Cp1252"/>
    <property name="user.name" value="prashanth_sams"/>
    <property name="java.class.path" value="C:\Program Files\apache-maven-3.0.4\boot\plexus-classworlds-2.4.jar"/>
    <property name="java.vm.specification.version" value="1.7"/>
    <property name="sun.arch.data.model" value="32"/>
    <property name="java.home" value="C:\Program Files\Java\jdk1.7.0_45\jre"/>
    <property name="sun.java.command" value="org.codehaus.plexus.classworlds.launcher.Launcher clean test"/>
    <property name="java.specification.vendor" value="Oracle Corporation"/>
    <property name="user.language" value="en"/>
    <property name="awt.toolkit" value="sun.awt.windows.WToolkit"/>
    <property name="java.vm.info" value="mixed mode, sharing"/>
    <property name="java.version" value="1.7.0_45"/>
    <property name="java.ext.dirs" value="C:\Program Files\Java\jdk1.7.0_45\jre\lib\ext;C:\Windows\Sun\Java\lib\ext"/>
    <property name="sun.boot.class.path" value="C:\Program Files\Java\jdk1.7.0_45\jre\lib\resources.jar;C:\Program Files\Java\jdk1.7.0_45\jre\lib\rt.jar;C:\Program Files\Java\jdk1.7.0_45\jre\lib\sunrsasign.jar;C:\Program Files\Java\jdk1.7.0_45\jre\lib\jsse.jar;C:\Program Files\Java\jdk1.7.0_45\jre\lib\jce.jar;C:\Program Files\Java\jdk1.7.0_45\jre\lib\charsets.jar;C:\Program Files\Java\jdk1.7.0_45\jre\lib\jfr.jar;C:\Program Files\Java\jdk1.7.0_45\jre\classes"/>
    <property name="java.vendor" value="Oracle Corporation"/>
    <property name="maven.home" value="C:\Program Files\apache-maven-3.0.4"/>
    <property name="file.separator" value="\"/>
    <property name="java.vendor.url.bug" value="http://bugreport.sun.com/bugreport/"/>
    <property name="sun.cpu.endian" value="little"/>
    <property name="sun.io.unicode.encoding" value="UnicodeLittle"/>
    <property name="sun.desktop" value="windows"/>
    <property name="sun.cpu.isalist" value=""/>
  </properties>
  <testcase name="test01" classname="abilash.AppTest" time="0">
    <skipped/>
  </testcase>
  <testcase name="test01" classname="abilash.AppTest" time="0">
    <skipped/>
    <system-out><![CDATA[2013-12-13 17:30:50,733  INFO [main] RetryAnalyzer:24 - Retrying test01 with status 2 for the 1 of 6 times.
 ]]></system-out>
  </testcase>
  <testcase name="test01" classname="abilash.AppTest" time="0">
    <skipped/>
    <system-out><![CDATA[2013-12-13 17:30:55,358  INFO [main] RetryAnalyzer:24 - Retrying test01 with status 2 for the 2 of 6 times.
 ]]></system-out>
  </testcase>
  <testcase name="test01" classname="abilash.AppTest" time="0">
    <skipped/>
    <system-out><![CDATA[2013-12-13 17:30:59,511  INFO [main] RetryAnalyzer:24 - Retrying test01 with status 2 for the 3 of 6 times.
 ]]></system-out>
  </testcase>
  <testcase name="test01" classname="abilash.AppTest" time="0">
    <skipped/>
    <system-out><![CDATA[2013-12-13 17:31:03,211  INFO [main] RetryAnalyzer:24 - Retrying test01 with status 2 for the 4 of 6 times.
 ]]></system-out>
  </testcase>
  <testcase name="test01" classname="abilash.AppTest" time="0">
    <skipped/>
    <system-out><![CDATA[2013-12-13 17:31:07,123  INFO [main] RetryAnalyzer:24 - Retrying test01 with status 2 for the 5 of 6 times.
 ]]></system-out>
  </testcase>
  <testcase name="test01" classname="abilash.AppTest" time="4.288">
    <failure message="expected [qwerty] but found [Google.co.in offered in: Hindi Bengali Telugu Marathi Tamil Gujarati Kannada Malayalam Punjabi]" type="java.lang.AssertionError">java.lang.AssertionError: expected [qwerty] but found [Google.co.in offered in: Hindi Bengali Telugu Marathi Tamil Gujarati Kannada Malayalam Punjabi]
	at org.testng.Assert.fail(Assert.java:94)
	at org.testng.Assert.failNotEquals(Assert.java:494)
	at org.testng.Assert.assertEquals(Assert.java:123)
	at org.testng.Assert.assertEquals(Assert.java:176)
	at org.testng.Assert.assertEquals(Assert.java:186)
	at abilash.AppTest.test01(AppTest.java:36)
</failure>
    <system-out><![CDATA[2013-12-13 17:31:11,602  INFO [main] RetryAnalyzer:24 - Retrying test01 with status 2 for the 6 of 6 times.
 2013-12-13 17:31:15,825 ERROR [main] RetryTestListener:43 - Number of retries expired.
 ]]></system-out>
  </testcase>
</testsuite>